<?xml version="1.0" encoding="UTF-8"?>
<testng-results skipped="0" failed="0" ignored="0" total="0" passed="0">
  <reporter-output>
  </reporter-output>
  <suite name="RestAssured6.AppTest" duration-ms="31" started-at="2020-11-02T22:38:37 IST" finished-at="2020-11-02T22:38:37 IST">
    <groups>
    </groups>
    <test name="Command line test" duration-ms="31" started-at="2020-11-02T22:38:37 IST" finished-at="2020-11-02T22:38:37 IST">
    </test> <!-- Command line test -->
  </suite> <!-- RestAssured6.AppTest -->
</testng-results>
